INFO: [VRFC 10-163] Analyzing VHDL file "C:/Users/hp/Projet_4A_CB/Projet_4A_CB.srcs/sources_1/new/lettres_fichier.vhd" into library xil_defaultlib
INFO: [VRFC 10-3107] analyzing entity 'lettres_fichier'
INFO: [VRFC 10-163] Analyzing VHDL file "C:/Users/hp/Projet_4A_CB/Projet_4A_CB.srcs/sim_1/new/lettres_fichier_TB.vhd" into library xil_defaultlib
INFO: [VRFC 10-3107] analyzing entity 'tb_file_to_7seg'
ERROR: [VRFC 10-2989] 'text' is not declared [C:/Users/hp/Projet_4A_CB/Projet_4A_CB.srcs/sim_1/new/lettres_fichier_TB.vhd:50]
ERROR: [VRFC 10-2989] 'text' is not declared [C:/Users/hp/Projet_4A_CB/Projet_4A_CB.srcs/sim_1/new/lettres_fichier_TB.vhd:51]
ERROR: [VRFC 10-2989] 'line' is not declared [C:/Users/hp/Projet_4A_CB/Projet_4A_CB.srcs/sim_1/new/lettres_fichier_TB.vhd:53]
ERROR: [VRFC 10-2989] 'line' is not declared [C:/Users/hp/Projet_4A_CB/Projet_4A_CB.srcs/sim_1/new/lettres_fichier_TB.vhd:54]
ERROR: [VRFC 10-2989] 'endfile' is not declared [C:/Users/hp/Projet_4A_CB/Projet_4A_CB.srcs/sim_1/new/lettres_fichier_TB.vhd:61]
ERROR: [VRFC 10-2123] 0 definitions of operator "not" match here [C:/Users/hp/Projet_4A_CB/Projet_4A_CB.srcs/sim_1/new/lettres_fichier_TB.vhd:61]
ERROR: [VRFC 10-2989] 'readline' is not declared [C:/Users/hp/Projet_4A_CB/Projet_4A_CB.srcs/sim_1/new/lettres_fichier_TB.vhd:62]
ERROR: [VRFC 10-2989] 'read' is not declared [C:/Users/hp/Projet_4A_CB/Projet_4A_CB.srcs/sim_1/new/lettres_fichier_TB.vhd:66]
ERROR: [VRFC 10-2989] 'l' is not declared [C:/Users/hp/Projet_4A_CB/Projet_4A_CB.srcs/sim_1/new/lettres_fichier_TB.vhd:65]
ERROR: [VRFC 10-1261] prefix of LENGTH attribute should be an array or array (sub)type [C:/Users/hp/Projet_4A_CB/Projet_4A_CB.srcs/sim_1/new/lettres_fichier_TB.vhd:65]
ERROR: [VRFC 10-3208] cannot update 'in' object 'letter_idx' [C:/Users/hp/Projet_4A_CB/Projet_4A_CB.srcs/sim_1/new/lettres_fichier_TB.vhd:74]
ERROR: [VRFC 10-3208] cannot update 'in' object 'letter_idx' [C:/Users/hp/Projet_4A_CB/Projet_4A_CB.srcs/sim_1/new/lettres_fichier_TB.vhd:76]
ERROR: [VRFC 10-2989] 'write' is not declared [C:/Users/hp/Projet_4A_CB/Projet_4A_CB.srcs/sim_1/new/lettres_fichier_TB.vhd:82]
ERROR: [VRFC 10-2989] 'write' is not declared [C:/Users/hp/Projet_4A_CB/Projet_4A_CB.srcs/sim_1/new/lettres_fichier_TB.vhd:83]
ERROR: [VRFC 10-2989] 'write' is not declared [C:/Users/hp/Projet_4A_CB/Projet_4A_CB.srcs/sim_1/new/lettres_fichier_TB.vhd:84]
ERROR: [VRFC 10-2989] 'write' is not declared [C:/Users/hp/Projet_4A_CB/Projet_4A_CB.srcs/sim_1/new/lettres_fichier_TB.vhd:85]
ERROR: [VRFC 10-2989] 'write' is not declared [C:/Users/hp/Projet_4A_CB/Projet_4A_CB.srcs/sim_1/new/lettres_fichier_TB.vhd:86]
ERROR: [VRFC 10-2989] 'writeline' is not declared [C:/Users/hp/Projet_4A_CB/Projet_4A_CB.srcs/sim_1/new/lettres_fichier_TB.vhd:87]
ERROR: [VRFC 10-2989] 'file_close' is not declared [C:/Users/hp/Projet_4A_CB/Projet_4A_CB.srcs/sim_1/new/lettres_fichier_TB.vhd:93]
INFO: [#UNDEF] Sorry, too many errors..
